апр. 20, 2023 10:50:53 PM Task3 bubble
INFO: Получен массив:
[781, 994, 215, 743, 707, 984, 421, 61, 905, 142, 608, 729, 133, 20, 535]
апр. 20, 2023 10:50:53 PM Task3 bubble
INFO: итерация 1: [781, 215, 743, 707, 984, 421, 61, 905, 142, 608, 729, 133, 20, 535, 994] Есть пузырёк 
апр. 20, 2023 10:50:53 PM Task3 bubble
INFO: итерация 2: [215, 743, 707, 781, 421, 61, 905, 142, 608, 729, 133, 20, 535, 984, 994] Есть пузырёк 
апр. 20, 2023 10:50:53 PM Task3 bubble
INFO: итерация 3: [215, 707, 743, 421, 61, 781, 142, 608, 729, 133, 20, 535, 905, 984, 994] Есть пузырёк 
апр. 20, 2023 10:50:53 PM Task3 bubble
INFO: итерация 4: [215, 707, 421, 61, 743, 142, 608, 729, 133, 20, 535, 781, 905, 984, 994] Есть пузырёк 
апр. 20, 2023 10:50:53 PM Task3 bubble
INFO: итерация 5: [215, 421, 61, 707, 142, 608, 729, 133, 20, 535, 743, 781, 905, 984, 994] Есть пузырёк 
апр. 20, 2023 10:50:53 PM Task3 bubble
INFO: итерация 6: [215, 61, 421, 142, 608, 707, 133, 20, 535, 729, 743, 781, 905, 984, 994] Есть пузырёк 
апр. 20, 2023 10:50:53 PM Task3 bubble
INFO: итерация 7: [61, 215, 142, 421, 608, 133, 20, 535, 707, 729, 743, 781, 905, 984, 994] Есть пузырёк 
апр. 20, 2023 10:50:53 PM Task3 bubble
INFO: итерация 8: [61, 142, 215, 421, 133, 20, 535, 608, 707, 729, 743, 781, 905, 984, 994] Есть пузырёк 
апр. 20, 2023 10:50:53 PM Task3 bubble
INFO: итерация 9: [61, 142, 215, 133, 20, 421, 535, 608, 707, 729, 743, 781, 905, 984, 994] Есть пузырёк 
апр. 20, 2023 10:50:53 PM Task3 bubble
INFO: итерация 10: [61, 142, 133, 20, 215, 421, 535, 608, 707, 729, 743, 781, 905, 984, 994] Есть пузырёк 
апр. 20, 2023 10:50:53 PM Task3 bubble
INFO: итерация 11: [61, 133, 20, 142, 215, 421, 535, 608, 707, 729, 743, 781, 905, 984, 994] Есть пузырёк 
апр. 20, 2023 10:50:53 PM Task3 bubble
INFO: итерация 12: [61, 20, 133, 142, 215, 421, 535, 608, 707, 729, 743, 781, 905, 984, 994] Есть пузырёк 
апр. 20, 2023 10:50:53 PM Task3 bubble
INFO: итерация 13: [20, 61, 133, 142, 215, 421, 535, 608, 707, 729, 743, 781, 905, 984, 994] Есть пузырёк 
апр. 20, 2023 10:50:53 PM Task3 bubble
INFO: итерация 14: [20, 61, 133, 142, 215, 421, 535, 608, 707, 729, 743, 781, 905, 984, 994] Нет пузырька
апр. 20, 2023 10:50:53 PM Task3 bubble
INFO: итерация 15: [20, 61, 133, 142, 215, 421, 535, 608, 707, 729, 743, 781, 905, 984, 994] Нет пузырька
